<?xml version="1.0" encoding="UTF-8"?>
<coverage generated="1777997187">
  <project timestamp="1777997187">
    <file name="/home/runner/work/boolean-rule/boolean-rule/src/BooleanRule.php">
      <class name="Aegisora\Rules\BooleanRule" namespace="global">
        <metrics complexity="7" methods="5" coveredmethods="4" conditionals="0" coveredconditionals="0" statements="10" coveredstatements="9" elements="15" coveredelements="13"/>
      </class>
      <line num="14" type="method" name="__construct" visibility="private" complexity="1" crap="1" count="4"/>
      <line num="17" type="stmt" count="4"/>
      <line num="20" type="method" name="createTruthy" visibility="public" complexity="1" crap="1" count="3"/>
      <line num="22" type="stmt" count="3"/>
      <line num="25" type="method" name="createFalsy" visibility="public" complexity="1" crap="1" count="1"/>
      <line num="27" type="stmt" count="1"/>
      <line num="30" type="method" name="executeValidate" visibility="protected" complexity="2" crap="2" count="2"/>
      <line num="32" type="stmt" count="2"/>
      <line num="34" type="stmt" count="2"/>
      <line num="35" type="stmt" count="1"/>
      <line num="36" type="stmt" count="2"/>
      <line num="43" type="method" name="validateValue" visibility="private" complexity="2" crap="2.15" count="2"/>
      <line num="45" type="stmt" count="2"/>
      <line num="46" type="stmt" count="2"/>
      <line num="49" type="stmt" count="0"/>
      <metrics loc="52" ncloc="48" classes="1" methods="5" coveredmethods="4" conditionals="0" coveredconditionals="0" statements="10" coveredstatements="9" elements="15" coveredelements="13"/>
    </file>
    <metrics files="1" loc="52" ncloc="48" classes="1" methods="5" coveredmethods="4" conditionals="0" coveredconditionals="0" statements="10" coveredstatements="9" elements="15" coveredelements="13"/>
  </project>
</coverage>
